<?xml version="1.0" encoding="UTF-8"?>
<testng-results skipped="0" failed="0" ignored="0" total="1" passed="1">
  <reporter-output>
    <line>
      <![CDATA[in after class]]>
    </line>
  </reporter-output>
  <suite name="VodafoneTest" duration-ms="21021" started-at="2018-03-24T09:53:36Z" finished-at="2018-03-24T09:53:57Z">
    <groups>
    </groups>
    <test name="VodafoneTest" duration-ms="21021" started-at="2018-03-24T09:53:36Z" finished-at="2018-03-24T09:53:57Z">
      <class name="com.sxm.mobile.android.tests.VodafoneTest">
        <test-method status="PASS" signature="initializeDrivers(java.lang.String, org.testng.ITestContext)[pri:0, instance:com.sxm.mobile.android.tests.VodafoneTest@d2fa64]" name="initializeDrivers" is-config="true" duration-ms="4371" started-at="2018-03-24T15:23:36Z" finished-at="2018-03-24T15:23:40Z">
          <params>
            <param index="0">
              <value>
                <![CDATA[Perfecto_Android]]>
              </value>
            </param>
            <param index="1">
              <value>
                <![CDATA[org.testng.TestRunner@b12f8a]]>
              </value>
            </param>
          </params>
          <reporter-output>
          </reporter-output>
        </test-method> <!-- initializeDrivers -->
        <test-method status="PASS" signature="loginToApp()[pri:0, instance:com.sxm.mobile.android.tests.VodafoneTest@d2fa64]" name="loginToApp" is-config="true" duration-ms="8994" started-at="2018-03-24T15:23:40Z" finished-at="2018-03-24T15:23:49Z">
          <reporter-output>
          </reporter-output>
        </test-method> <!-- loginToApp -->
        <test-method status="PASS" signature="validateLastRecharge()[pri:1, instance:com.sxm.mobile.android.tests.VodafoneTest@d2fa64]" name="validateLastRecharge" duration-ms="34" started-at="2018-03-24T15:23:49Z" description="Log in to Vodaphone" finished-at="2018-03-24T15:23:49Z">
          <reporter-output>
          </reporter-output>
        </test-method> <!-- validateLastRecharge -->
        <test-method status="PASS" signature="closeApp()[pri:0, instance:com.sxm.mobile.android.tests.VodafoneTest@d2fa64]" name="closeApp" is-config="true" duration-ms="7590" started-at="2018-03-24T15:23:49Z" finished-at="2018-03-24T15:23:57Z">
          <reporter-output>
            <line>
              <![CDATA[in after class]]>
            </line>
          </reporter-output>
        </test-method> <!-- closeApp -->
      </class> <!-- com.sxm.mobile.android.tests.VodafoneTest -->
    </test> <!-- VodafoneTest -->
  </suite> <!-- VodafoneTest -->
</testng-results>
